{"level":"info","message":"Api is running on port 3000!!!","timestamp":"2025-11-06 21:29:19"}
{"level":"info","message":"Api is running on port 3000!!!","timestamp":"2025-11-06 21:29:19"}
{"level":"info","message":"[Start 2025-11-06T19:29:27.870Z]=>/hc c9144e93-986b-46d5-9f17-cc56b9252320","timestamp":"2025-11-06 21:29:27"}
{"level":"info","message":"[Start 2025-11-06T19:29:27.870Z]=>/hc c9144e93-986b-46d5-9f17-cc56b9252320","timestamp":"2025-11-06 21:29:27"}
{"level":"info","message":"Api is running on port 3000!!!","timestamp":"2025-11-06 21:30:24"}
{"level":"info","message":"Api is running on port 3000!!!","timestamp":"2025-11-06 21:30:24"}
{"level":"info","message":"[Start 2025-11-06T19:30:29.218Z]=>/hc e0bafe65-014a-4f4a-b4b7-d121f14b8224","timestamp":"2025-11-06 21:30:29"}
{"level":"info","message":"[Start 2025-11-06T19:30:29.218Z]=>/hc e0bafe65-014a-4f4a-b4b7-d121f14b8224","timestamp":"2025-11-06 21:30:29"}
{"level":"info","message":"[Finish 2025-11-06T19:30:39.252Z]=>/hc :: duration: 10034ms  e0bafe65-014a-4f4a-b4b7-d121f14b8224","timestamp":"2025-11-06 21:30:39"}
{"level":"info","message":"[Finish 2025-11-06T19:30:39.252Z]=>/hc :: duration: 10034ms  e0bafe65-014a-4f4a-b4b7-d121f14b8224","timestamp":"2025-11-06 21:30:39"}
{"level":"info","message":"[Start 2025-11-06T19:30:39.313Z]=>/.well-known/appspecific/com.chrome.devtools.json 1e731cfa-67e8-4c76-9152-9e564f6cfe14","timestamp":"2025-11-06 21:30:39"}
{"level":"info","message":"[Start 2025-11-06T19:30:39.313Z]=>/.well-known/appspecific/com.chrome.devtools.json 1e731cfa-67e8-4c76-9152-9e564f6cfe14","timestamp":"2025-11-06 21:30:39"}
{"level":"error","message":"Token not provided!","timestamp":"2025-11-06 21:30:39"}
{"level":"error","message":"UNAUTH reqeustId: 1e731cfa-67e8-4c76-9152-9e564f6cfe14","timestamp":"2025-11-06 21:30:39"}
{"level":"info","message":"[Finish 2025-11-06T19:30:39.323Z]=>/.well-known/appspecific/com.chrome.devtools.json :: duration: 10ms  1e731cfa-67e8-4c76-9152-9e564f6cfe14","timestamp":"2025-11-06 21:30:39"}
{"level":"error","message":"Token not provided!","timestamp":"2025-11-06 21:30:39"}
{"level":"error","message":"UNAUTH reqeustId: 1e731cfa-67e8-4c76-9152-9e564f6cfe14","timestamp":"2025-11-06 21:30:39"}
{"level":"info","message":"[Finish 2025-11-06T19:30:39.323Z]=>/.well-known/appspecific/com.chrome.devtools.json :: duration: 10ms  1e731cfa-67e8-4c76-9152-9e564f6cfe14","timestamp":"2025-11-06 21:30:39"}
{"level":"info","message":"[Start 2025-11-06T19:30:39.326Z]=>/favicon.ico 58f98074-56f7-467b-ba4d-25b1c1ab7e35","timestamp":"2025-11-06 21:30:39"}
{"level":"info","message":"[Start 2025-11-06T19:30:39.326Z]=>/favicon.ico 58f98074-56f7-467b-ba4d-25b1c1ab7e35","timestamp":"2025-11-06 21:30:39"}
{"level":"error","message":"Token not provided!","timestamp":"2025-11-06 21:30:39"}
{"level":"error","message":"Token not provided!","timestamp":"2025-11-06 21:30:39"}
{"level":"error","message":"UNAUTH reqeustId: 58f98074-56f7-467b-ba4d-25b1c1ab7e35","timestamp":"2025-11-06 21:30:39"}
{"level":"info","message":"[Finish 2025-11-06T19:30:39.330Z]=>/favicon.ico :: duration: 4ms  58f98074-56f7-467b-ba4d-25b1c1ab7e35","timestamp":"2025-11-06 21:30:39"}
{"level":"error","message":"UNAUTH reqeustId: 58f98074-56f7-467b-ba4d-25b1c1ab7e35","timestamp":"2025-11-06 21:30:39"}
{"level":"info","message":"[Finish 2025-11-06T19:30:39.330Z]=>/favicon.ico :: duration: 4ms  58f98074-56f7-467b-ba4d-25b1c1ab7e35","timestamp":"2025-11-06 21:30:39"}
{"level":"info","message":"[Start 2025-11-06T19:30:44.608Z]=>/hc a6097c82-ec3f-4401-83d1-d98e372dfb06","timestamp":"2025-11-06 21:30:44"}
{"level":"info","message":"[Start 2025-11-06T19:30:44.608Z]=>/hc a6097c82-ec3f-4401-83d1-d98e372dfb06","timestamp":"2025-11-06 21:30:44"}
{"level":"info","message":"Api is running on port 3000!!!","timestamp":"2025-11-06 21:33:29"}
{"level":"info","message":"Api is running on port 3000!!!","timestamp":"2025-11-06 21:33:29"}
{"level":"info","message":"[Start 2025-11-06T19:33:35.096Z]=>/hc 73751ae2-9492-49e0-bb27-2d14406e494d","timestamp":"2025-11-06 21:33:35"}
{"level":"info","message":"[Start 2025-11-06T19:33:35.096Z]=>/hc 73751ae2-9492-49e0-bb27-2d14406e494d","timestamp":"2025-11-06 21:33:35"}
{"level":"info","message":"[Finish 2025-11-06T19:33:45.108Z]=>/hc :: duration: 10012ms  73751ae2-9492-49e0-bb27-2d14406e494d","timestamp":"2025-11-06 21:33:45"}
{"level":"info","message":"[Finish 2025-11-06T19:33:45.108Z]=>/hc :: duration: 10012ms  73751ae2-9492-49e0-bb27-2d14406e494d","timestamp":"2025-11-06 21:33:45"}
{"level":"info","message":"[Start 2025-11-06T19:33:45.187Z]=>/.well-known/appspecific/com.chrome.devtools.json c4cc9a05-74ce-4c5f-b2a7-c25bde347112","timestamp":"2025-11-06 21:33:45"}
{"level":"info","message":"[Start 2025-11-06T19:33:45.187Z]=>/.well-known/appspecific/com.chrome.devtools.json c4cc9a05-74ce-4c5f-b2a7-c25bde347112","timestamp":"2025-11-06 21:33:45"}
{"level":"error","message":"Token not provided!","timestamp":"2025-11-06 21:33:45"}
{"level":"error","message":"UNAUTH reqeustId: c4cc9a05-74ce-4c5f-b2a7-c25bde347112","timestamp":"2025-11-06 21:33:45"}
{"level":"info","message":"[Finish 2025-11-06T19:33:45.203Z]=>/.well-known/appspecific/com.chrome.devtools.json :: duration: 16ms  c4cc9a05-74ce-4c5f-b2a7-c25bde347112","timestamp":"2025-11-06 21:33:45"}
{"level":"error","message":"Token not provided!","timestamp":"2025-11-06 21:33:45"}
{"level":"error","message":"UNAUTH reqeustId: c4cc9a05-74ce-4c5f-b2a7-c25bde347112","timestamp":"2025-11-06 21:33:45"}
{"level":"info","message":"[Finish 2025-11-06T19:33:45.203Z]=>/.well-known/appspecific/com.chrome.devtools.json :: duration: 16ms  c4cc9a05-74ce-4c5f-b2a7-c25bde347112","timestamp":"2025-11-06 21:33:45"}
{"level":"info","message":"[Start 2025-11-06T19:33:45.204Z]=>/favicon.ico 4a7a0694-293b-4fa0-910f-5d9b303a987c","timestamp":"2025-11-06 21:33:45"}
{"level":"info","message":"[Start 2025-11-06T19:33:45.204Z]=>/favicon.ico 4a7a0694-293b-4fa0-910f-5d9b303a987c","timestamp":"2025-11-06 21:33:45"}
{"level":"error","message":"Token not provided!","timestamp":"2025-11-06 21:33:45"}
{"level":"error","message":"Token not provided!","timestamp":"2025-11-06 21:33:45"}
{"level":"error","message":"UNAUTH reqeustId: 4a7a0694-293b-4fa0-910f-5d9b303a987c","timestamp":"2025-11-06 21:33:45"}
{"level":"info","message":"[Finish 2025-11-06T19:33:45.206Z]=>/favicon.ico :: duration: 2ms  4a7a0694-293b-4fa0-910f-5d9b303a987c","timestamp":"2025-11-06 21:33:45"}
{"level":"error","message":"UNAUTH reqeustId: 4a7a0694-293b-4fa0-910f-5d9b303a987c","timestamp":"2025-11-06 21:33:45"}
{"level":"info","message":"[Finish 2025-11-06T19:33:45.206Z]=>/favicon.ico :: duration: 2ms  4a7a0694-293b-4fa0-910f-5d9b303a987c","timestamp":"2025-11-06 21:33:45"}
{"level":"info","message":"Api is running on port 3000!!!","timestamp":"2025-11-06 21:34:19"}
{"level":"info","message":"Api is running on port 3000!!!","timestamp":"2025-11-06 21:34:19"}
{"level":"info","message":"[Start 2025-11-06T19:34:21.646Z]=>/hc b0df9358-9b7e-45b6-83cf-38e033d5d86c","timestamp":"2025-11-06 21:34:21"}
{"level":"info","message":"[Start 2025-11-06T19:34:21.646Z]=>/hc b0df9358-9b7e-45b6-83cf-38e033d5d86c","timestamp":"2025-11-06 21:34:21"}
{"level":"info","message":"[Start 2025-11-06T19:34:26.532Z]=>/hc 95e199bd-3478-4b9f-a9a0-fc35dfcc0525","timestamp":"2025-11-06 21:34:26"}
{"level":"info","message":"[Start 2025-11-06T19:34:26.532Z]=>/hc 95e199bd-3478-4b9f-a9a0-fc35dfcc0525","timestamp":"2025-11-06 21:34:26"}
{"level":"info","message":"[Finish 2025-11-06T19:34:36.545Z]=>/hc :: duration: 10013ms  95e199bd-3478-4b9f-a9a0-fc35dfcc0525","timestamp":"2025-11-06 21:34:36"}
{"level":"info","message":"[Finish 2025-11-06T19:34:36.545Z]=>/hc :: duration: 10013ms  95e199bd-3478-4b9f-a9a0-fc35dfcc0525","timestamp":"2025-11-06 21:34:36"}
{"level":"info","message":"[Start 2025-11-06T19:34:36.575Z]=>/.well-known/appspecific/com.chrome.devtools.json 3a6836d1-daa8-4963-a771-2d64f4c629fa","timestamp":"2025-11-06 21:34:36"}
{"level":"info","message":"[Start 2025-11-06T19:34:36.575Z]=>/.well-known/appspecific/com.chrome.devtools.json 3a6836d1-daa8-4963-a771-2d64f4c629fa","timestamp":"2025-11-06 21:34:36"}
{"level":"error","message":"Token not provided!","timestamp":"2025-11-06 21:34:36"}
{"level":"error","message":"UNAUTH reqeustId: 3a6836d1-daa8-4963-a771-2d64f4c629fa","timestamp":"2025-11-06 21:34:36"}
{"level":"info","message":"[Finish 2025-11-06T19:34:36.592Z]=>/.well-known/appspecific/com.chrome.devtools.json :: duration: 17ms  3a6836d1-daa8-4963-a771-2d64f4c629fa","timestamp":"2025-11-06 21:34:36"}
{"level":"error","message":"Token not provided!","timestamp":"2025-11-06 21:34:36"}
{"level":"error","message":"UNAUTH reqeustId: 3a6836d1-daa8-4963-a771-2d64f4c629fa","timestamp":"2025-11-06 21:34:36"}
{"level":"info","message":"[Finish 2025-11-06T19:34:36.592Z]=>/.well-known/appspecific/com.chrome.devtools.json :: duration: 17ms  3a6836d1-daa8-4963-a771-2d64f4c629fa","timestamp":"2025-11-06 21:34:36"}
{"level":"info","message":"[Start 2025-11-06T19:34:36.602Z]=>/favicon.ico 66ad81e8-71f3-4dc6-bb8f-261abbc5b72f","timestamp":"2025-11-06 21:34:36"}
{"level":"info","message":"[Start 2025-11-06T19:34:36.602Z]=>/favicon.ico 66ad81e8-71f3-4dc6-bb8f-261abbc5b72f","timestamp":"2025-11-06 21:34:36"}
{"level":"error","message":"Token not provided!","timestamp":"2025-11-06 21:34:36"}
{"level":"error","message":"Token not provided!","timestamp":"2025-11-06 21:34:36"}
{"level":"error","message":"UNAUTH reqeustId: 66ad81e8-71f3-4dc6-bb8f-261abbc5b72f","timestamp":"2025-11-06 21:34:36"}
{"level":"info","message":"[Finish 2025-11-06T19:34:36.606Z]=>/favicon.ico :: duration: 4ms  66ad81e8-71f3-4dc6-bb8f-261abbc5b72f","timestamp":"2025-11-06 21:34:36"}
{"level":"error","message":"UNAUTH reqeustId: 66ad81e8-71f3-4dc6-bb8f-261abbc5b72f","timestamp":"2025-11-06 21:34:36"}
{"level":"info","message":"[Finish 2025-11-06T19:34:36.606Z]=>/favicon.ico :: duration: 4ms  66ad81e8-71f3-4dc6-bb8f-261abbc5b72f","timestamp":"2025-11-06 21:34:36"}
{"level":"info","message":"Api is running on port 3000!!!","timestamp":"2025-11-06 21:36:07"}
{"level":"info","message":"Api is running on port 3000!!!","timestamp":"2025-11-06 21:36:07"}
{"level":"info","message":"[Start 2025-11-06T19:36:10.377Z]=>/hello d25d18ba-3356-414d-8156-db42d60ae65e","timestamp":"2025-11-06 21:36:10"}
{"level":"info","message":"[Start 2025-11-06T19:36:10.377Z]=>/hello d25d18ba-3356-414d-8156-db42d60ae65e","timestamp":"2025-11-06 21:36:10"}
{"level":"error","message":"Token not provided!","timestamp":"2025-11-06 21:36:10"}
{"level":"error","message":"Token not provided!","timestamp":"2025-11-06 21:36:10"}
{"level":"error","message":"UNAUTH reqeustId: d25d18ba-3356-414d-8156-db42d60ae65e","timestamp":"2025-11-06 21:36:10"}
{"level":"info","message":"[Finish 2025-11-06T19:36:10.434Z]=>/hello :: duration: 57ms  d25d18ba-3356-414d-8156-db42d60ae65e","timestamp":"2025-11-06 21:36:10"}
{"level":"error","message":"UNAUTH reqeustId: d25d18ba-3356-414d-8156-db42d60ae65e","timestamp":"2025-11-06 21:36:10"}
{"level":"info","message":"[Finish 2025-11-06T19:36:10.434Z]=>/hello :: duration: 57ms  d25d18ba-3356-414d-8156-db42d60ae65e","timestamp":"2025-11-06 21:36:10"}
{"level":"info","message":"[Start 2025-11-06T19:36:10.449Z]=>/.well-known/appspecific/com.chrome.devtools.json 1347a10b-036e-4be5-a547-8c224000aba8","timestamp":"2025-11-06 21:36:10"}
{"level":"error","message":"Token not provided!","timestamp":"2025-11-06 21:36:10"}
{"level":"error","message":"UNAUTH reqeustId: 1347a10b-036e-4be5-a547-8c224000aba8","timestamp":"2025-11-06 21:36:10"}
{"level":"info","message":"[Finish 2025-11-06T19:36:10.451Z]=>/.well-known/appspecific/com.chrome.devtools.json :: duration: 2ms  1347a10b-036e-4be5-a547-8c224000aba8","timestamp":"2025-11-06 21:36:10"}
{"level":"info","message":"[Start 2025-11-06T19:36:10.449Z]=>/.well-known/appspecific/com.chrome.devtools.json 1347a10b-036e-4be5-a547-8c224000aba8","timestamp":"2025-11-06 21:36:10"}
{"level":"error","message":"Token not provided!","timestamp":"2025-11-06 21:36:10"}
{"level":"error","message":"UNAUTH reqeustId: 1347a10b-036e-4be5-a547-8c224000aba8","timestamp":"2025-11-06 21:36:10"}
{"level":"info","message":"[Finish 2025-11-06T19:36:10.451Z]=>/.well-known/appspecific/com.chrome.devtools.json :: duration: 2ms  1347a10b-036e-4be5-a547-8c224000aba8","timestamp":"2025-11-06 21:36:10"}
{"level":"info","message":"[Start 2025-11-06T19:36:10.471Z]=>/favicon.ico 8d4e6846-30ec-4a29-9ca8-fc72a9aff553","timestamp":"2025-11-06 21:36:10"}
{"level":"info","message":"[Start 2025-11-06T19:36:10.471Z]=>/favicon.ico 8d4e6846-30ec-4a29-9ca8-fc72a9aff553","timestamp":"2025-11-06 21:36:10"}
{"level":"error","message":"Token not provided!","timestamp":"2025-11-06 21:36:10"}
{"level":"error","message":"Token not provided!","timestamp":"2025-11-06 21:36:10"}
{"level":"error","message":"UNAUTH reqeustId: 8d4e6846-30ec-4a29-9ca8-fc72a9aff553","timestamp":"2025-11-06 21:36:10"}
{"level":"info","message":"[Finish 2025-11-06T19:36:10.484Z]=>/favicon.ico :: duration: 13ms  8d4e6846-30ec-4a29-9ca8-fc72a9aff553","timestamp":"2025-11-06 21:36:10"}
{"level":"error","message":"UNAUTH reqeustId: 8d4e6846-30ec-4a29-9ca8-fc72a9aff553","timestamp":"2025-11-06 21:36:10"}
{"level":"info","message":"[Finish 2025-11-06T19:36:10.484Z]=>/favicon.ico :: duration: 13ms  8d4e6846-30ec-4a29-9ca8-fc72a9aff553","timestamp":"2025-11-06 21:36:10"}
{"level":"info","message":"[Start 2025-11-06T19:36:55.258Z]=>/hello dd8d6495-04a3-4b67-afb7-a6adb48f1e5a","timestamp":"2025-11-06 21:36:55"}
{"level":"info","message":"[Start 2025-11-06T19:36:55.258Z]=>/hello dd8d6495-04a3-4b67-afb7-a6adb48f1e5a","timestamp":"2025-11-06 21:36:55"}
{"level":"error","message":"Token not provided!","timestamp":"2025-11-06 21:36:55"}
{"level":"error","message":"UNAUTH reqeustId: dd8d6495-04a3-4b67-afb7-a6adb48f1e5a","timestamp":"2025-11-06 21:36:55"}
{"level":"info","message":"[Finish 2025-11-06T19:36:55.261Z]=>/hello :: duration: 3ms  dd8d6495-04a3-4b67-afb7-a6adb48f1e5a","timestamp":"2025-11-06 21:36:55"}
{"level":"error","message":"Token not provided!","timestamp":"2025-11-06 21:36:55"}
{"level":"error","message":"UNAUTH reqeustId: dd8d6495-04a3-4b67-afb7-a6adb48f1e5a","timestamp":"2025-11-06 21:36:55"}
{"level":"info","message":"[Finish 2025-11-06T19:36:55.261Z]=>/hello :: duration: 3ms  dd8d6495-04a3-4b67-afb7-a6adb48f1e5a","timestamp":"2025-11-06 21:36:55"}
{"level":"info","message":"[Start 2025-11-06T19:36:55.289Z]=>/favicon.ico e1f536a0-e2c6-4b52-8a55-f42318158984","timestamp":"2025-11-06 21:36:55"}
{"level":"info","message":"[Start 2025-11-06T19:36:55.289Z]=>/favicon.ico e1f536a0-e2c6-4b52-8a55-f42318158984","timestamp":"2025-11-06 21:36:55"}
{"level":"error","message":"Token not provided!","timestamp":"2025-11-06 21:36:55"}
{"level":"error","message":"Token not provided!","timestamp":"2025-11-06 21:36:55"}
{"level":"error","message":"UNAUTH reqeustId: e1f536a0-e2c6-4b52-8a55-f42318158984","timestamp":"2025-11-06 21:36:55"}
{"level":"info","message":"[Finish 2025-11-06T19:36:55.292Z]=>/favicon.ico :: duration: 3ms  e1f536a0-e2c6-4b52-8a55-f42318158984","timestamp":"2025-11-06 21:36:55"}
{"level":"error","message":"UNAUTH reqeustId: e1f536a0-e2c6-4b52-8a55-f42318158984","timestamp":"2025-11-06 21:36:55"}
{"level":"info","message":"[Finish 2025-11-06T19:36:55.292Z]=>/favicon.ico :: duration: 3ms  e1f536a0-e2c6-4b52-8a55-f42318158984","timestamp":"2025-11-06 21:36:55"}
{"level":"info","message":"[Start 2025-11-06T19:36:55.295Z]=>/.well-known/appspecific/com.chrome.devtools.json 4f3beb07-ff0e-44f2-98af-f11c8844484e","timestamp":"2025-11-06 21:36:55"}
{"level":"error","message":"Token not provided!","timestamp":"2025-11-06 21:36:55"}
{"level":"error","message":"UNAUTH reqeustId: 4f3beb07-ff0e-44f2-98af-f11c8844484e","timestamp":"2025-11-06 21:36:55"}
{"level":"info","message":"[Finish 2025-11-06T19:36:55.296Z]=>/.well-known/appspecific/com.chrome.devtools.json :: duration: 1ms  4f3beb07-ff0e-44f2-98af-f11c8844484e","timestamp":"2025-11-06 21:36:55"}
{"level":"info","message":"[Start 2025-11-06T19:36:55.295Z]=>/.well-known/appspecific/com.chrome.devtools.json 4f3beb07-ff0e-44f2-98af-f11c8844484e","timestamp":"2025-11-06 21:36:55"}
{"level":"error","message":"Token not provided!","timestamp":"2025-11-06 21:36:55"}
{"level":"error","message":"UNAUTH reqeustId: 4f3beb07-ff0e-44f2-98af-f11c8844484e","timestamp":"2025-11-06 21:36:55"}
{"level":"info","message":"[Finish 2025-11-06T19:36:55.296Z]=>/.well-known/appspecific/com.chrome.devtools.json :: duration: 1ms  4f3beb07-ff0e-44f2-98af-f11c8844484e","timestamp":"2025-11-06 21:36:55"}
{"level":"info","message":"Api is running on port 3000!!!","timestamp":"2025-11-06 21:37:19"}
{"level":"info","message":"Api is running on port 3000!!!","timestamp":"2025-11-06 21:37:19"}
{"level":"info","message":"[Start 2025-11-06T19:37:19.743Z]=>/hello d2f44a36-12f1-4a0c-800e-7365f76c25e6","timestamp":"2025-11-06 21:37:19"}
{"level":"info","message":"[Start 2025-11-06T19:37:19.743Z]=>/hello d2f44a36-12f1-4a0c-800e-7365f76c25e6","timestamp":"2025-11-06 21:37:19"}
{"level":"error","message":"Token not provided!","timestamp":"2025-11-06 21:37:19"}
{"level":"error","message":"Token not provided!","timestamp":"2025-11-06 21:37:19"}
{"level":"error","message":"UNAUTH reqeustId: d2f44a36-12f1-4a0c-800e-7365f76c25e6","timestamp":"2025-11-06 21:37:19"}
{"level":"info","message":"[Finish 2025-11-06T19:37:19.846Z]=>/hello :: duration: 103ms  d2f44a36-12f1-4a0c-800e-7365f76c25e6","timestamp":"2025-11-06 21:37:19"}
{"level":"error","message":"UNAUTH reqeustId: d2f44a36-12f1-4a0c-800e-7365f76c25e6","timestamp":"2025-11-06 21:37:19"}
{"level":"info","message":"[Finish 2025-11-06T19:37:19.846Z]=>/hello :: duration: 103ms  d2f44a36-12f1-4a0c-800e-7365f76c25e6","timestamp":"2025-11-06 21:37:19"}
{"level":"info","message":"[Start 2025-11-06T19:37:19.866Z]=>/.well-known/appspecific/com.chrome.devtools.json 965ad21f-51b3-4d21-ad24-3db51a49af5c","timestamp":"2025-11-06 21:37:19"}
{"level":"error","message":"Token not provided!","timestamp":"2025-11-06 21:37:19"}
{"level":"error","message":"UNAUTH reqeustId: 965ad21f-51b3-4d21-ad24-3db51a49af5c","timestamp":"2025-11-06 21:37:19"}
{"level":"info","message":"[Finish 2025-11-06T19:37:19.869Z]=>/.well-known/appspecific/com.chrome.devtools.json :: duration: 3ms  965ad21f-51b3-4d21-ad24-3db51a49af5c","timestamp":"2025-11-06 21:37:19"}
{"level":"info","message":"[Start 2025-11-06T19:37:19.866Z]=>/.well-known/appspecific/com.chrome.devtools.json 965ad21f-51b3-4d21-ad24-3db51a49af5c","timestamp":"2025-11-06 21:37:19"}
{"level":"error","message":"Token not provided!","timestamp":"2025-11-06 21:37:19"}
{"level":"error","message":"UNAUTH reqeustId: 965ad21f-51b3-4d21-ad24-3db51a49af5c","timestamp":"2025-11-06 21:37:19"}
{"level":"info","message":"[Finish 2025-11-06T19:37:19.869Z]=>/.well-known/appspecific/com.chrome.devtools.json :: duration: 3ms  965ad21f-51b3-4d21-ad24-3db51a49af5c","timestamp":"2025-11-06 21:37:19"}
{"level":"info","message":"[Start 2025-11-06T19:37:19.870Z]=>/favicon.ico 51af065a-748b-44a5-a0c9-927c016456ab","timestamp":"2025-11-06 21:37:19"}
{"level":"info","message":"[Start 2025-11-06T19:37:19.870Z]=>/favicon.ico 51af065a-748b-44a5-a0c9-927c016456ab","timestamp":"2025-11-06 21:37:19"}
{"level":"error","message":"Token not provided!","timestamp":"2025-11-06 21:37:19"}
{"level":"error","message":"UNAUTH reqeustId: 51af065a-748b-44a5-a0c9-927c016456ab","timestamp":"2025-11-06 21:37:19"}
{"level":"info","message":"[Finish 2025-11-06T19:37:19.872Z]=>/favicon.ico :: duration: 2ms  51af065a-748b-44a5-a0c9-927c016456ab","timestamp":"2025-11-06 21:37:19"}
{"level":"error","message":"Token not provided!","timestamp":"2025-11-06 21:37:19"}
{"level":"error","message":"UNAUTH reqeustId: 51af065a-748b-44a5-a0c9-927c016456ab","timestamp":"2025-11-06 21:37:19"}
{"level":"info","message":"[Finish 2025-11-06T19:37:19.872Z]=>/favicon.ico :: duration: 2ms  51af065a-748b-44a5-a0c9-927c016456ab","timestamp":"2025-11-06 21:37:19"}
{"level":"info","message":"Api is running on port 3000!!!","timestamp":"2025-11-06 21:38:13"}
{"level":"info","message":"Api is running on port 3000!!!","timestamp":"2025-11-06 21:38:13"}
{"level":"info","message":"[Start 2025-11-06T19:38:16.169Z]=>/hello f2031d64-d43a-4228-983f-92a650446a1f","timestamp":"2025-11-06 21:38:16"}
{"level":"info","message":"[Start 2025-11-06T19:38:16.169Z]=>/hello f2031d64-d43a-4228-983f-92a650446a1f","timestamp":"2025-11-06 21:38:16"}
{"level":"error","message":"Token not provided!","timestamp":"2025-11-06 21:38:16"}
{"level":"error","message":"Token not provided!","timestamp":"2025-11-06 21:38:16"}
{"level":"error","message":"UNAUTH reqeustId: f2031d64-d43a-4228-983f-92a650446a1f","timestamp":"2025-11-06 21:38:16"}
{"level":"info","message":"[Finish 2025-11-06T19:38:16.186Z]=>/hello :: duration: 17ms  f2031d64-d43a-4228-983f-92a650446a1f","timestamp":"2025-11-06 21:38:16"}
{"level":"error","message":"UNAUTH reqeustId: f2031d64-d43a-4228-983f-92a650446a1f","timestamp":"2025-11-06 21:38:16"}
{"level":"info","message":"[Finish 2025-11-06T19:38:16.186Z]=>/hello :: duration: 17ms  f2031d64-d43a-4228-983f-92a650446a1f","timestamp":"2025-11-06 21:38:16"}
{"level":"info","message":"[Start 2025-11-06T19:38:16.208Z]=>/favicon.ico ef53fcb9-4dac-49c7-b2f9-17332aedbbc2","timestamp":"2025-11-06 21:38:16"}
{"level":"info","message":"[Start 2025-11-06T19:38:16.208Z]=>/favicon.ico ef53fcb9-4dac-49c7-b2f9-17332aedbbc2","timestamp":"2025-11-06 21:38:16"}
{"level":"error","message":"Token not provided!","timestamp":"2025-11-06 21:38:16"}
{"level":"error","message":"Token not provided!","timestamp":"2025-11-06 21:38:16"}
{"level":"error","message":"UNAUTH reqeustId: ef53fcb9-4dac-49c7-b2f9-17332aedbbc2","timestamp":"2025-11-06 21:38:16"}
{"level":"info","message":"[Finish 2025-11-06T19:38:16.214Z]=>/favicon.ico :: duration: 6ms  ef53fcb9-4dac-49c7-b2f9-17332aedbbc2","timestamp":"2025-11-06 21:38:16"}
{"level":"error","message":"UNAUTH reqeustId: ef53fcb9-4dac-49c7-b2f9-17332aedbbc2","timestamp":"2025-11-06 21:38:16"}
{"level":"info","message":"[Finish 2025-11-06T19:38:16.214Z]=>/favicon.ico :: duration: 6ms  ef53fcb9-4dac-49c7-b2f9-17332aedbbc2","timestamp":"2025-11-06 21:38:16"}
{"level":"info","message":"[Start 2025-11-06T19:38:16.215Z]=>/.well-known/appspecific/com.chrome.devtools.json 53a89079-00aa-4c7f-ac1b-4ddc2ede32eb","timestamp":"2025-11-06 21:38:16"}
{"level":"info","message":"[Start 2025-11-06T19:38:16.215Z]=>/.well-known/appspecific/com.chrome.devtools.json 53a89079-00aa-4c7f-ac1b-4ddc2ede32eb","timestamp":"2025-11-06 21:38:16"}
{"level":"error","message":"Token not provided!","timestamp":"2025-11-06 21:38:16"}
{"level":"error","message":"UNAUTH reqeustId: 53a89079-00aa-4c7f-ac1b-4ddc2ede32eb","timestamp":"2025-11-06 21:38:16"}
{"level":"info","message":"[Finish 2025-11-06T19:38:16.257Z]=>/.well-known/appspecific/com.chrome.devtools.json :: duration: 42ms  53a89079-00aa-4c7f-ac1b-4ddc2ede32eb","timestamp":"2025-11-06 21:38:16"}
{"level":"error","message":"Token not provided!","timestamp":"2025-11-06 21:38:16"}
{"level":"error","message":"UNAUTH reqeustId: 53a89079-00aa-4c7f-ac1b-4ddc2ede32eb","timestamp":"2025-11-06 21:38:16"}
{"level":"info","message":"[Finish 2025-11-06T19:38:16.257Z]=>/.well-known/appspecific/com.chrome.devtools.json :: duration: 42ms  53a89079-00aa-4c7f-ac1b-4ddc2ede32eb","timestamp":"2025-11-06 21:38:16"}
{"level":"info","message":"Api is running on port 3000!!!","timestamp":"2025-11-06 21:40:00"}
{"level":"info","message":"Api is running on port 3000!!!","timestamp":"2025-11-06 21:40:00"}
{"level":"info","message":"Api is running on port 3000!!!","timestamp":"2025-11-06 21:40:45"}
{"level":"info","message":"Api is running on port 3000!!!","timestamp":"2025-11-06 21:40:45"}
{"level":"info","message":"Api is running on port 3000!!!","timestamp":"2025-11-06 21:42:13"}
{"level":"info","message":"Api is running on port 3000!!!","timestamp":"2025-11-06 21:42:13"}
{"level":"info","message":"Api is running on port 3000!!!","timestamp":"2025-11-06 21:46:06"}
{"level":"info","message":"Api is running on port 3000!!!","timestamp":"2025-11-06 21:46:06"}
{"level":"info","message":"Api is running on port 3000!!!","timestamp":"2025-11-06 21:47:47"}
{"level":"info","message":"Api is running on port 3000!!!","timestamp":"2025-11-06 21:47:47"}
{"level":"info","message":"Api is running on port 3000!!!","timestamp":"2025-11-06 21:50:26"}
{"level":"info","message":"Api is running on port 3000!!!","timestamp":"2025-11-06 21:50:26"}
{"level":"info","message":"Api is running on port 3000!!!","timestamp":"2025-11-06 21:51:41"}
{"level":"info","message":"Api is running on port 3000!!!","timestamp":"2025-11-06 21:51:41"}
{"level":"info","message":"Api is running on port 3000!!!","timestamp":"2025-11-06 21:52:47"}
{"level":"info","message":"Api is running on port 3000!!!","timestamp":"2025-11-06 21:52:47"}
{"level":"info","message":"Api is running on port 3000!!!","timestamp":"2025-11-06 21:54:59"}
{"level":"info","message":"Api is running on port 3000!!!","timestamp":"2025-11-06 21:54:59"}
{"level":"info","message":"Api is running on port 3000!!!","timestamp":"2025-11-06 22:01:42"}
{"level":"info","message":"Api is running on port 3000!!!","timestamp":"2025-11-06 22:01:42"}
{"level":"info","message":"Api is running on port 3000!!!","timestamp":"2025-11-06 22:17:03"}
{"level":"info","message":"Api is running on port 3000!!!","timestamp":"2025-11-06 22:17:03"}
{"level":"info","message":"Api is running on port 3000!!!","timestamp":"2025-11-06 22:38:05"}
{"level":"info","message":"Api is running on port 3000!!!","timestamp":"2025-11-06 22:38:05"}
{"level":"info","message":"Api is running on port 3000!!!","timestamp":"2025-11-06 22:39:08"}
{"level":"info","message":"Api is running on port 3000!!!","timestamp":"2025-11-06 22:39:08"}
{"level":"info","message":"Api is running on port 3000!!!","timestamp":"2025-11-06 22:42:10"}
{"level":"info","message":"Api is running on port 3000!!!","timestamp":"2025-11-06 22:42:10"}
{"level":"info","message":"Api is running on port 3000!!!","timestamp":"2025-11-06 22:42:29"}
{"level":"info","message":"Api is running on port 3000!!!","timestamp":"2025-11-06 22:42:29"}
{"level":"info","message":"Api is running on port 3000!!!","timestamp":"2025-11-06 22:48:00"}
{"level":"info","message":"Api is running on port 3000!!!","timestamp":"2025-11-06 22:48:00"}
{"level":"info","message":"Api is running on port 3000!!!","timestamp":"2025-11-06 22:48:18"}
{"level":"info","message":"Api is running on port 3000!!!","timestamp":"2025-11-06 22:48:18"}
{"level":"error","message":"Api is running on port 3000!!!","timestamp":"2025-11-06 23:08:19"}
{"level":"error","message":"Api is running on port 3000!!!","timestamp":"2025-11-06 23:08:19"}
{"level":"info","message":"Api is running on port 3000!!!","timestamp":"2025-11-07 02:15:56"}
{"level":"info","message":"Api is running on port 3000!!!","timestamp":"2025-11-07 02:15:56"}
{"level":"error","message":"Api is running on port 3000!!!","timestamp":"2025-11-07 02:32:45"}
{"level":"error","message":"Api is running on port 3000!!!","timestamp":"2025-11-07 02:32:45"}
{"level":"info","message":"Api is running on port 3000!!!","timestamp":"2025-11-07 02:38:06"}
{"level":"info","message":"Api is running on port 3000!!!","timestamp":"2025-11-07 02:38:06"}
{"level":"info","message":"Api is running on port 3000!!!","timestamp":"2025-11-07 12:25:57"}
{"level":"info","message":"Api is running on port 3000!!!","timestamp":"2025-11-07 12:25:57"}
{"level":"error","message":"Api is running on port 3000!!!","timestamp":"2025-11-07 12:29:40"}
{"level":"error","message":"Api is running on port 3000!!!","timestamp":"2025-11-07 12:29:40"}
{"level":"info","message":"Api is running on port 3000!!!","timestamp":"2025-11-07 12:30:10"}
{"level":"info","message":"Api is running on port 3000!!!","timestamp":"2025-11-07 12:30:10"}
{"level":"error","message":"Api is running on port 3000!!!","timestamp":"2025-11-07 12:42:38"}
{"level":"error","message":"Api is running on port 3000!!!","timestamp":"2025-11-07 12:42:38"}
{"level":"info","message":"Api is running on port 3000!!!","timestamp":"2025-11-07 18:49:10"}
{"level":"info","message":"Api is running on port 3000!!!","timestamp":"2025-11-07 18:49:10"}
{"level":"info","message":"Api is running on port 3000!!!","timestamp":"2025-11-07 22:38:11"}
{"level":"info","message":"Api is running on port 3000!!!","timestamp":"2025-11-07 22:38:11"}
{"level":"info","message":"Api is running on port 3000!!!","timestamp":"2025-11-09 23:39:29"}
{"level":"info","message":"Api is running on port 3000!!!","timestamp":"2025-11-09 23:39:29"}
{"level":"info","message":"Api is running on port 3000!!!","timestamp":"2025-11-09 23:42:49"}
{"level":"info","message":"Api is running on port 3000!!!","timestamp":"2025-11-09 23:42:49"}
